<?xml version='1.0' encoding='UTF-8'?>
<testsuite hostname="ziad-VirtualBox" name="TestLinkVO" tests="6" errors="0" failures="0" skipped="0" time="0.017" timestamp="2019-12-21T07:50:11">
                     <properties>
[...]
</properties>
                     <testcase classname="TestLinkVO" name="link1 == link1 should return true" time="0.016">
                                                 
                                               </testcase><testcase classname="TestLinkVO" name="com/123 should be equal" time="0.0">
                                                 
                                               </testcase><testcase classname="TestLinkVO" name="com/234 should not be equal" time="0.0">
                                                 
                                               </testcase><testcase classname="TestLinkVO" name="com should not be equal" time="0.0">
                                                 
                                               </testcase><testcase classname="TestLinkVO" name="getDomain() should be equal" time="0.001">
                                                 
                                               </testcase><testcase classname="TestLinkVO" name="getDomain() should not be equal" time="0.0">
                                                 
                                               </testcase>
                     <system-out><![CDATA[]]></system-out>
                     <system-err><![CDATA[]]></system-err>
                   </testsuite>